C51 COMPILER V9.54   ________                                                              04/06/2023 15:41:10 PAGE 1   


C51 COMPILER V9.54, COMPILATION OF MODULE ________
OBJECT MODULE PLACED IN .\Objects\上课讲的.obj
COMPILER INVOKED BY: C:\Keil_v5\C51\BIN\C51.EXE 上课讲的.c OPTIMIZE(8,SPEED) BROWSE DEBUG OBJECTEXTEND PRINT(.\Listings\
                    -上课讲的.lst) TABS(2) OBJECT(.\Objects\上课讲的.obj)

line level    source

   1          #include <REGX52.H>
   2          sbit DIP=P1^2;
   3          sbit blue=P1^0;
   4          sbit green=P1^1;
   5          void main()
   6          {
   7   1        P1=0xFF;
   8   1        while(1)
   9   1        {
  10   2          if(DIP==0)
  11   2          {
  12   3            blue=0;
  13   3            green=1;
  14   3          }
  15   2          else
  16   2          {
  17   3            blue=1;
  18   3            green=0;
  19   3          }
  20   2        }
  21   1      }


MODULE INFORMATION:   STATIC OVERLAYABLE
   CODE SIZE        =     18    ----
   CONSTANT SIZE    =   ----    ----
   XDATA SIZE       =   ----    ----
   PDATA SIZE       =   ----    ----
   DATA SIZE        =   ----    ----
   IDATA SIZE       =   ----    ----
   BIT SIZE         =   ----    ----
END OF MODULE INFORMATION.


C51 COMPILATION COMPLETE.  0 WARNING(S),  0 ERROR(S)
