C51 COMPILER V9.54   ____                                                                  03/29/2023 13:45:07 PAGE 1   


C51 COMPILER V9.54, COMPILATION OF MODULE ____
OBJECT MODULE PLACED IN .\Objects\点灯.obj
COMPILER INVOKED BY: C:\Keil_v5\C51\BIN\C51.EXE 点灯.c OPTIMIZE(8,SPEED) BROWSE DEBUG OBJECTEXTEND PRINT(.\Listings\点灯
                    -.lst) TABS(2) OBJECT(.\Objects\点灯.obj)

line level    source

   1          #include <REGX52.H>
   2          #include <INTRINS.H>
   3          void Delay200ms()   //@12.000MHz
   4          {
   5   1        unsigned char i, j, k;
   6   1      
   7   1        _nop_();
   8   1        i = 2;
   9   1        j = 134;
  10   1        k = 20;
  11   1        do
  12   1        {
  13   2          do
  14   2          {
  15   3            while (--k);
  16   3          } while (--j);
  17   2        } while (--i);
  18   1      }
  19          
  20          void main()
  21          {
  22   1        while(1)
  23   1        {
  24   2          P2=0xFE;
  25   2          Delay200ms();
  26   2          P2=0xFD;
  27   2          Delay200ms();
  28   2        }
  29   1      }


MODULE INFORMATION:   STATIC OVERLAYABLE
   CODE SIZE        =     28    ----
   CONSTANT SIZE    =   ----    ----
   XDATA SIZE       =   ----    ----
   PDATA SIZE       =   ----    ----
   DATA SIZE        =   ----    ----
   IDATA SIZE       =   ----    ----
   BIT SIZE         =   ----    ----
END OF MODULE INFORMATION.


C51 COMPILATION COMPLETE.  0 WARNING(S),  0 ERROR(S)
