C51 COMPILER V9.54   ____U1_                                                               06/08/2023 22:32:07 PAGE 1   


C51 COMPILER V9.54, COMPILATION OF MODULE ____U1_
OBJECT MODULE PLACED IN .\Objects\а©всU1+.obj
COMPILER INVOKED BY: C:\Keil_v5\C51\BIN\C51.EXE а©всU1+.c OPTIMIZE(8,SPEED) BROWSE DEBUG OBJECTEXTEND PRINT(.\Listings\а
                    -©всU1+.lst) TABS(2) OBJECT(.\Objects\а©всU1+.obj)

line level    source

   1          #include <REGX51.H>
   2          sbit p22=P2^2;
   3          void main()
   4          {
   5   1        char i = rand()%16;
*** WARNING C206 IN LINE 5 OF а©всU1+.c: 'rand': missing function-prototype
   6   1        SCON=0x40;
   7   1        TMOD=0x20;
   8   1        TH1=0xFA;
   9   1        TL1=0xFA;
  10   1        TR1=1;
  11   1        P1=0x00;
  12   1        if(p22==0)
  13   1        {
  14   2          i = rand()%14;
  15   2          while(p22==0);
  16   2        }
  17   1        P1=i;
  18   1        while(1)
  19   1        {
  20   2          while(P1==i);
  21   2          i=P1;
  22   2          SBUF=i;
  23   2          while(TI==0);
  24   2          TI=0;
  25   2        }
  26   1      }


MODULE INFORMATION:   STATIC OVERLAYABLE
   CODE SIZE        =     65    ----
   CONSTANT SIZE    =   ----    ----
   XDATA SIZE       =   ----    ----
   PDATA SIZE       =   ----    ----
   DATA SIZE        =   ----    ----
   IDATA SIZE       =   ----    ----
   BIT SIZE         =   ----    ----
END OF MODULE INFORMATION.


C51 COMPILATION COMPLETE.  1 WARNING(S),  0 ERROR(S)
