C51 COMPILER V9.54   ____U2_                                                               06/08/2023 22:30:45 PAGE 1   


C51 COMPILER V9.54, COMPILATION OF MODULE ____U2_
OBJECT MODULE PLACED IN .\Objects\а©всU2+.obj
COMPILER INVOKED BY: C:\Keil_v5\C51\BIN\C51.EXE а©всU2+.c OPTIMIZE(8,SPEED) BROWSE DEBUG OBJECTEXTEND PRINT(.\Listings\а
                    -©всU2+.lst) TABS(2) OBJECT(.\Objects\а©всU2+.obj)

line level    source

   1          #include <REGX51.H>
   2          sbit led1=P2^0;
   3          sbit led2=P2^1;
   4          sbit p22=P2^2;
   5          const char tab[]={0xc0,0xf9,0xa4,0xb0,0x99,0x92,0x82,0xf8,0x80,0x90,
   6                            0x88,0x83,0xc6,0xa1,0x86,0x8e};
   7          void delay5ms()   //@12.000MHz
   8          {
   9   1        unsigned char i, j;
  10   1      
  11   1        i = 10;
  12   1        j = 183;
  13   1        do
  14   1        {
  15   2          while (--j);
  16   2        } while (--i);
  17   1      }
  18          void main()
  19          {
  20   1        char i=0,a=0,b=0,h=0,l=0;
  21   1        char j= rand()%15;
*** WARNING C206 IN LINE 21 OF а©всU2+.c: 'rand': missing function-prototype
  22   1        SCON=0x50;
  23   1        TMOD=0x20;
  24   1        TH1=0xFA;
  25   1        TL1=0xFA;
  26   1        TR1=1;
  27   1        if(p22==0)
  28   1        {
  29   2          j = rand()%14;
  30   2          while(p22==0);
  31   2        }
  32   1        P1=j;
  33   1        while(1)
  34   1        {
  35   2          while(RI==i);
  36   2          RI=0;
  37   2          i=SBUF;
  38   2          a=i;b=P1;i=a&b;
  39   2          h=i>>4;l=i&0x0f;
  40   2          led1=1;
  41   2          P0=tab[h];
  42   2          delay5ms();
  43   2          led1=0;
  44   2          led2=1;
  45   2          P0=tab[l];
  46   2          delay5ms();
  47   2          led2=0;
  48   2        }
  49   1      }


MODULE INFORMATION:   STATIC OVERLAYABLE
   CODE SIZE        =    138    ----
C51 COMPILER V9.54   ____U2_                                                               06/08/2023 22:30:45 PAGE 2   

   CONSTANT SIZE    =   ----    ----
   XDATA SIZE       =   ----    ----
   PDATA SIZE       =   ----    ----
   DATA SIZE        =     16       5
   IDATA SIZE       =   ----    ----
   BIT SIZE         =   ----    ----
END OF MODULE INFORMATION.


C51 COMPILATION COMPLETE.  1 WARNING(S),  0 ERROR(S)
