C51 COMPILER V9.54   ____U2                                                                06/08/2023 22:15:42 PAGE 1   


C51 COMPILER V9.54, COMPILATION OF MODULE ____U2
OBJECT MODULE PLACED IN .\Objects\量子U2.obj
COMPILER INVOKED BY: C:\Keil_v5\C51\BIN\C51.EXE 量子U2.c OPTIMIZE(8,SPEED) BROWSE DEBUG OBJECTEXTEND PRINT(.\Listings\量
                    -子U2.lst) TABS(2) OBJECT(.\Objects\量子U2.obj)

line level    source

   1          #include <REGX51.H>
   2          sbit led1=P2^0;
   3          sbit led2=P2^1;
   4          sbit p22=P2^2;
   5          const char tab[]={0xc0,0xf9,0xa4,0xb0,0x99,0x92,0x82,0xf8,0x80,0x90,
   6                            0x88,0x83,0xc6,0xa1,0x86,0x8e};
   7          void delay5ms()   //@12.000MHz
   8          {
   9   1        unsigned char i, j;
  10   1      
  11   1        i = 10;
  12   1        j = 183;
  13   1        do
  14   1        {
  15   2          while (--j);
  16   2        } while (--i);
  17   1      }
  18          void main()
  19          {
  20   1        char i=0,a=0,b=0,h=0,l=0;
  21   1        SCON=0x50;
  22   1        TMOD=0x20;
  23   1        TH1=0xFA;
  24   1        TL1=0xFA;
  25   1        TR1=1;
  26   1        P1=0xff;
  27   1        while(1)
  28   1        {
  29   2          while(RI==i);
  30   2          RI=0;
  31   2          i=SBUF;
  32   2          a=i;b=P1;i=a&b;
  33   2          h=i>>4;l=i&0x0f;
  34   2          led1=1;
  35   2          P0=tab[h];
  36   2          delay5ms();
  37   2          led1=0;
  38   2          led2=1;
  39   2          P0=tab[l];
  40   2          delay5ms();
  41   2          led2=0;
  42   2        }
  43   1      }


MODULE INFORMATION:   STATIC OVERLAYABLE
   CODE SIZE        =     92    ----
   CONSTANT SIZE    =   ----    ----
   XDATA SIZE       =   ----    ----
   PDATA SIZE       =   ----    ----
   DATA SIZE        =     16    ----
   IDATA SIZE       =   ----    ----
   BIT SIZE         =   ----    ----
END OF MODULE INFORMATION.

C51 COMPILER V9.54   ____U2                                                                06/08/2023 22:15:42 PAGE 2   


C51 COMPILATION COMPLETE.  0 WARNING(S),  0 ERROR(S)
