C51 COMPILER V9.54   ______________                                                        04/13/2023 16:27:49 PAGE 1   


C51 COMPILER V9.54, COMPILATION OF MODULE ______________
OBJECT MODULE PLACED IN .\Objects\定时器点两个灯.obj
COMPILER INVOKED BY: C:\Keil_v5\C51\BIN\C51.EXE 定时器点两个灯.c OPTIMIZE(8,SPEED) BROWSE DEBUG OBJECTEXTEND PRINT(.\Lis
                    -tings\定时器点两个灯.lst) TABS(2) OBJECT(.\Objects\定时器点两个灯.obj)

line level    source

   1          #include <REGX51.H>
   2          #define uint unsigned int
   3          #define uchar unsigned char
   4          sbit P0_0=P0^0;
*** ERROR C231 IN LINE 4 OF 定时器点两个灯.c: 'P0_0': redefinition
   5          sbit P0_1=P0^1;
*** ERROR C231 IN LINE 5 OF 定时器点两个灯.c: 'P0_1': redefinition
   6          uint t=0;
   7          void main()
   8          {
   9   1        TMOD=0x01;
  10   1        TH0=0x3c;
  11   1        TL0=0xB0;
  12   1        TR0=1;
  13   1        P0_0=1;
  14   1        P0_1=0;
  15   1        while(1)
  16   1        {
  17   2          if(TF0==1)
  18   2          {
  19   3            t++;
  20   3            TF0=0;
  21   3            if(t==20)
  22   3            {
  23   4              t=0;
  24   4              P0_0 = ~P0_0;
  25   4              P0_1 = ~P0_1;
  26   4            }
  27   3            TH0=0x3c;
  28   3            TL0=0xb0;
  29   3          }
  30   2        }
  31   1      }

C51 COMPILATION COMPLETE.  0 WARNING(S),  2 ERROR(S)
