C51 COMPILER V9.54   __________                                                            04/27/2023 11:25:15 PAGE 1   


C51 COMPILER V9.54, COMPILATION OF MODULE __________
OBJECT MODULE PLACED IN .\Objects\°Ë¸öµÆ¿ÎÌÃ.obj
COMPILER INVOKED BY: C:\Keil_v5\C51\BIN\C51.EXE °Ë¸öµÆ¿ÎÌÃ.c OPTIMIZE(8,SPEED) BROWSE DEBUG OBJECTEXTEND PRINT(.\Listing
                    -s\°Ë¸öµÆ¿ÎÌÃ.lst) TABS(2) OBJECT(.\Objects\°Ë¸öµÆ¿ÎÌÃ.obj)

line level    source

   1          #include <REGX51.H>
   2          const tab1[]={0xf0,0x0f,0xf0,0x0f,0xf0,0x0f,
   3                        0xaa,0x55,0xaa,0x55,0xaa,0x55,0xff,};
   4          const tab2[]={0xfe,0xfd,0xfb,0xf7,0xef,0xdf,0xbf,0x7f,
   5                        0xbf,0xdf,0xef,0xf7,0xfb,0xfd,0xfe,0xff,
   6                        0xfe,0xfd,0xfb,0xf7,0xef,0xdf,0xbf,0x7f,
   7                        0xbf,0xdf,0xef,0xf7,0xfb,0xfd,0xfe,0xff,};
   8          char a;
   9          void delay()
  10          {
  11   1        int i,j;
  12   1        for(i=0;i<256;i++)
  13   1        for(j=0;j<256;j++)
  14   1        {;}
  15   1      }
  16          void int0() interrupt 0
  17          {
  18   1        a=a+1;
  19   1        if(a==1)
  20   1        {
  21   2          char i;
  22   2          for(i=0;i<13;i++)
  23   2          {
  24   3            P0=tab1[i];
  25   3            delay();
  26   3          }
  27   2        }
  28   1        if(a==2)
  29   1        {
  30   2          char i;
  31   2          for(i=0;i<32;i++)
  32   2          {
  33   3            P0=tab2[i];
  34   3            delay();
  35   3          }
  36   2          a=0;
  37   2        }
  38   1      }
  39          void int1() interrupt 2
  40          {
  41   1        P1_0=0;
  42   1        delay();
  43   1        P1_0=1;
  44   1      }
  45          void main()
  46          {
  47   1        IE=0x85;
  48   1        IP=0x04;
  49   1        TCON=0x00;
  50   1        a=0;
  51   1        while(1)
  52   1        {
  53   2          char x;
  54   2          for(x=0;x<23;x++)
C51 COMPILER V9.54   __________                                                            04/27/2023 11:25:15 PAGE 2   

  55   2          {
  56   3            P0=~P0;
  57   3            delay();
  58   3          }
  59   2        }
  60   1      }


MODULE INFORMATION:   STATIC OVERLAYABLE
   CODE SIZE        =    204    ----
   CONSTANT SIZE    =   ----    ----
   XDATA SIZE       =   ----    ----
   PDATA SIZE       =   ----    ----
   DATA SIZE        =     91       2
   IDATA SIZE       =   ----    ----
   BIT SIZE         =   ----    ----
END OF MODULE INFORMATION.


C51 COMPILATION COMPLETE.  0 WARNING(S),  0 ERROR(S)
