C51 COMPILER V9.54   ____5__                                                               06/07/2023 16:28:10 PAGE 1   


C51 COMPILER V9.54, COMPILATION OF MODULE ____5__
OBJECT MODULE PLACED IN .\Objects\×÷Òµ5¸Ä.obj
COMPILER INVOKED BY: C:\Keil_v5\C51\BIN\C51.EXE ×÷Òµ5¸Ä.c OPTIMIZE(8,SPEED) BROWSE DEBUG OBJECTEXTEND PRINT(.\Listings\×
                    -÷Òµ5¸Ä.lst) TABS(2) OBJECT(.\Objects\×÷Òµ5¸Ä.obj)

line level    source

   1          #include <REGX51.H>
   2          #include <intrins.h>
   3          const char tab[]={0x3f,0x06,0x5b,0x4f,0x66,
   4                            0x6d,0x7d,0x07,0x7f,0x6f,0x77,
   5                            0x7c,0x39,0x5e,0x79,0x71};
   6          sbit led1=P3^6;
   7          sbit led2=P3^7;
   8          void Delay5ms()   //@12.000MHz
   9          {
  10   1        unsigned char i, j;
  11   1      
  12   1        i = 10;
  13   1        j = 183;
  14   1        do
  15   1        {
  16   2          while (--j);
  17   2        } while (--i);
  18   1      }
  19          void main()
  20          {
  21   1        char m=0;
  22   1        char n=0;
  23   1        char i=0;
  24   1        char j=0;
  25   1        P1=0xff;
  26   1        SCON=0x00;
  27   1        SBUF=0x3f;
  28   1        while(TI==0);
  29   1        TI=0;
  30   1        
  31   1        while(1)
  32   1        {
  33   2          while(P1==m);
  34   2          m=P1;
  35   2          n=~m;
  36   2          i=n&0xf0;
  37   2          j=n&0x0f;
  38   2          TI=0;
  39   2          SBUF=tab[i];
  40   2          while(TI==0);
  41   2          led1=0;
  42   2          Delay5ms();
  43   2          led1=1;
  44   2          SBUF=0xff;
  45   2          led2=0;   
  46   2          SBUF=tab[j];
  47   2          while(TI==0);
  48   2          TI=0;
  49   2          Delay5ms();
  50   2          led2=1;
  51   2          SBUF=0xff;
  52   2        }
  53   1      }

C51 COMPILER V9.54   ____5__                                                               06/07/2023 16:28:10 PAGE 2   


MODULE INFORMATION:   STATIC OVERLAYABLE
   CODE SIZE        =     90    ----
   CONSTANT SIZE    =   ----    ----
   XDATA SIZE       =   ----    ----
   PDATA SIZE       =   ----    ----
   DATA SIZE        =     16    ----
   IDATA SIZE       =   ----    ----
   BIT SIZE         =   ----    ----
END OF MODULE INFORMATION.


C51 COMPILATION COMPLETE.  0 WARNING(S),  0 ERROR(S)
