C51 COMPILER V9.54   ______                                                                04/19/2023 13:53:11 PAGE 1   


C51 COMPILER V9.54, COMPILATION OF MODULE ______
OBJECT MODULE PLACED IN .\Objects\Ê¾²¨Æ÷.obj
COMPILER INVOKED BY: C:\Keil_v5\C51\BIN\C51.EXE Ê¾²¨Æ÷.c OPTIMIZE(8,SPEED) BROWSE DEBUG OBJECTEXTEND PRINT(.\Listings\Ê¾
                    -²¨Æ÷.lst) TABS(2) OBJECT(.\Objects\Ê¾²¨Æ÷.obj)

line level    source

   1          #include <REGX51.H>
   2          int t=0;
   3          void main()
   4          {
   5   1        TMOD=0x00;
   6   1        TH0=0xfc;
   7   1        TL0=0x1c;
   8   1        TR0=1;
   9   1        P1_0=1;
  10   1        while(1)
  11   1        {
  12   2          if(TF0==1)
  13   2          {
  14   3            t++;
  15   3            TF0=0;
  16   3            if(t==2)
  17   3            {
  18   4              P1_0=0;
  19   4            }
  20   3            if(t==10)
  21   3            {
  22   4              t=0;
  23   4              P1_0=1;
  24   4            }
  25   3            TH0=0xfc;
  26   3            TL0=0x1c;
  27   3          }
  28   2        }
  29   1      }


MODULE INFORMATION:   STATIC OVERLAYABLE
   CODE SIZE        =     56    ----
   CONSTANT SIZE    =   ----    ----
   XDATA SIZE       =   ----    ----
   PDATA SIZE       =   ----    ----
   DATA SIZE        =      2    ----
   IDATA SIZE       =   ----    ----
   BIT SIZE         =   ----    ----
END OF MODULE INFORMATION.


C51 COMPILATION COMPLETE.  0 WARNING(S),  0 ERROR(S)
