C51 COMPILER V9.54   __________                                                            05/17/2023 13:49:51 PAGE 1   


C51 COMPILER V9.54, COMPILATION OF MODULE __________
OBJECT MODULE PLACED IN .\Objects\查询式键盘.obj
COMPILER INVOKED BY: C:\Keil_v5\C51\BIN\C51.EXE 查询式键盘.c OPTIMIZE(8,SPEED) BROWSE DEBUG OBJECTEXTEND PRINT(.\Listing
                    -s\查询式键盘.lst) TABS(2) OBJECT(.\Objects\查询式键盘.obj)

line level    source

   1          #include <REGX51.H>
   2          char j;
   3          char t;
   4          int n;
   5          const char tab[]={0x3f,0x06,0x5b,0x4f,0x66,0x6d,0x7d,0x07,0x7f,0x6f};
   6          void delay(int n)//us
   7          {
   8   1        int i;
   9   1        for(i=0;i<n;i++);
  10   1      }
  11          void main()
  12          {
  13   1        char key;
  14   1        P2=0x00;
  15   1        P3=0xff;
  16   1        while(1)
  17   1        {
  18   2          while(P3==0xff);
  19   2          delay(2000);
  20   2          while(P3==0xff);
  21   2          key=P3;
  22   2          switch(key)
  23   2          {
  24   3            case 0xfe:P2=tab[1];break;
  25   3            case 0xfd:P2=tab[2];break;
  26   3            case 0xfb:P2=tab[3];break;
  27   3            case 0xf7:P2=tab[4];break;
  28   3            case 0xef:P2=tab[5];break;
  29   3            case 0xdf:P2=tab[6];break;
  30   3            case 0xbf:P2=tab[7];break;
  31   3            case 0x7f:P2=tab[8];break;
  32   3          }
  33   2        }
  34   1      }


MODULE INFORMATION:   STATIC OVERLAYABLE
   CODE SIZE        =    121    ----
   CONSTANT SIZE    =   ----    ----
   XDATA SIZE       =   ----    ----
   PDATA SIZE       =   ----    ----
   DATA SIZE        =     14    ----
   IDATA SIZE       =   ----    ----
   BIT SIZE         =   ----    ----
END OF MODULE INFORMATION.


C51 COMPILATION COMPLETE.  0 WARNING(S),  0 ERROR(S)
