C51 COMPILER V9.54   ____________                                                          04/20/2023 17:51:21 PAGE 1   


C51 COMPILER V9.54, COMPILATION OF MODULE ____________
OBJECT MODULE PLACED IN .\Objects\中断器两个灯.obj
COMPILER INVOKED BY: C:\Keil_v5\C51\BIN\C51.EXE 中断器两个灯.c OPTIMIZE(8,SPEED) BROWSE DEBUG OBJECTEXTEND PRINT(.\Listi
                    -ngs\中断器两个灯.lst) TABS(2) OBJECT(.\Objects\中断器两个灯.obj)

line level    source

   1          #include <REGX51.H>
   2          int t=0;
   3          void time0_server_() interrupt 1
   4          {
   5   1        TH0=0x3c;
   6   1        TL0=0xb0;
   7   1        t++;
   8   1        if(t==20)
   9   1        {
  10   2          t=0;
  11   2          P0_0=~P0_0;
  12   2          P0_1=~P0_1;
  13   2        }
  14   1      }
  15          void Init_t0()
  16          {
  17   1        TMOD=0x01;
  18   1        TH0=0x3c;
  19   1        TL0=0xb0;
  20   1        EA=1;
  21   1        ET0=1;
  22   1        TR0=1;
  23   1      }
  24          void main()
  25          {
  26   1        P0_0=1;
  27   1        P0_1=0;
  28   1        Init_t0();
  29   1        while(1)
  30   1        {;}
  31   1      }


MODULE INFORMATION:   STATIC OVERLAYABLE
   CODE SIZE        =     58    ----
   CONSTANT SIZE    =   ----    ----
   XDATA SIZE       =   ----    ----
   PDATA SIZE       =   ----    ----
   DATA SIZE        =      2    ----
   IDATA SIZE       =   ----    ----
   BIT SIZE         =   ----    ----
END OF MODULE INFORMATION.


C51 COMPILATION COMPLETE.  0 WARNING(S),  0 ERROR(S)
