C51 COMPILER V9.54   164LED2__                                                             05/11/2023 16:05:18 PAGE 1   


C51 COMPILER V9.54, COMPILATION OF MODULE 164LED2__
OBJECT MODULE PLACED IN .\Objects\164LED2个.obj
COMPILER INVOKED BY: C:\Keil_v5\C51\BIN\C51.EXE 164LED2个.c OPTIMIZE(8,SPEED) BROWSE DEBUG OBJECTEXTEND PRINT(.\Listings
                    -\164LED2个.lst) TABS(2) OBJECT(.\Objects\164LED2个.obj)

line level    source

   1          #include <REGX51.H>
   2          char j;
   3          int n;
   4          const char tab1[]={0x3f,0x06,0x5b,0x4f,0x66,0x6d,0x7d,0x07,0x7f,0x6f,};
   5          const char tab2[]={0xc0,0xf9,0xa4,0xb0,0x99,0x92,0x82,0xf8,0x80,0x90,};
   6          void delay(int n)
   7          {
   8   1        int i;
   9   1        for(i=0;i<n;i++);
  10   1      }
  11          void Int0_server_() interrupt 0
  12          {
  13   1        char a;
  14   1        a=tab2[j];
  15   1        P0=a;
  16   1      }
  17          void Int1_server_() interrupt 2
  18          {
  19   1        P0=0x00;
  20   1      }
  21          void Init_Int()
  22          {
  23   1        EX0=1;
  24   1        IT0=1;
  25   1        EX1=1;
  26   1        IT1=0;
  27   1        EA=1;
  28   1      }
  29          void main()
  30          {
  31   1        P0=0x00;
  32   1        Init_Int();
  33   1        while(1)
  34   1        {
  35   2          for(j=0;j<10;j++)
  36   2          {
  37   3            P2=tab1[j];
  38   3            delay(60000);
  39   3          }
  40   2        }
  41   1      }


MODULE INFORMATION:   STATIC OVERLAYABLE
   CODE SIZE        =    100    ----
   CONSTANT SIZE    =   ----    ----
   XDATA SIZE       =   ----    ----
   PDATA SIZE       =   ----    ----
   DATA SIZE        =     23    ----
   IDATA SIZE       =   ----    ----
   BIT SIZE         =   ----    ----
END OF MODULE INFORMATION.


C51 COMPILATION COMPLETE.  0 WARNING(S),  0 ERROR(S)
